[21-Jan-2021 12:24:40 UTC] PHP Deprecated:  Tema sin header.php ha quedado <strong>obsoleto</strong> desde la versión 3.0.0 y no hay alternativas disponibles. Por favor, incluye una plantilla header.php en tu tema. in C:\xampp\htdocs\wordpress\wp-includes\functions.php on line 5059
[21-Jan-2021 12:26:39 UTC] PHP Deprecated:  Tema sin header.php ha quedado <strong>obsoleto</strong> desde la versión 3.0.0 y no hay alternativas disponibles. Por favor, incluye una plantilla header.php en tu tema. in C:\xampp\htdocs\wordpress\wp-includes\functions.php on line 5059
[21-Jan-2021 12:26:39 UTC] PHP Deprecated:  Tema sin footer.php ha quedado <strong>obsoleto</strong> desde la versión 3.0.0 y no hay alternativas disponibles. Por favor, incluye una plantilla footer.php en tu tema. in C:\xampp\htdocs\wordpress\wp-includes\functions.php on line 5059
[21-Jan-2021 12:27:01 UTC] PHP Deprecated:  Tema sin header.php ha quedado <strong>obsoleto</strong> desde la versión 3.0.0 y no hay alternativas disponibles. Por favor, incluye una plantilla header.php en tu tema. in C:\xampp\htdocs\wordpress\wp-includes\functions.php on line 5059
[21-Jan-2021 12:27:01 UTC] PHP Deprecated:  Tema sin footer.php ha quedado <strong>obsoleto</strong> desde la versión 3.0.0 y no hay alternativas disponibles. Por favor, incluye una plantilla footer.php en tu tema. in C:\xampp\htdocs\wordpress\wp-includes\functions.php on line 5059
[21-Jan-2021 12:27:53 UTC] PHP Deprecated:  Tema sin header.php ha quedado <strong>obsoleto</strong> desde la versión 3.0.0 y no hay alternativas disponibles. Por favor, incluye una plantilla header.php en tu tema. in C:\xampp\htdocs\wordpress\wp-includes\functions.php on line 5059
[21-Jan-2021 12:27:53 UTC] PHP Deprecated:  Tema sin footer.php ha quedado <strong>obsoleto</strong> desde la versión 3.0.0 y no hay alternativas disponibles. Por favor, incluye una plantilla footer.php en tu tema. in C:\xampp\htdocs\wordpress\wp-includes\functions.php on line 5059
[21-Jan-2021 12:28:37 UTC] PHP Deprecated:  Tema sin header.php ha quedado <strong>obsoleto</strong> desde la versión 3.0.0 y no hay alternativas disponibles. Por favor, incluye una plantilla header.php en tu tema. in C:\xampp\htdocs\wordpress\wp-includes\functions.php on line 5059
[21-Jan-2021 12:28:37 UTC] PHP Deprecated:  Tema sin footer.php ha quedado <strong>obsoleto</strong> desde la versión 3.0.0 y no hay alternativas disponibles. Por favor, incluye una plantilla footer.php en tu tema. in C:\xampp\htdocs\wordpress\wp-includes\functions.php on line 5059
[21-Jan-2021 12:28:41 UTC] PHP Deprecated:  Tema sin header.php ha quedado <strong>obsoleto</strong> desde la versión 3.0.0 y no hay alternativas disponibles. Por favor, incluye una plantilla header.php en tu tema. in C:\xampp\htdocs\wordpress\wp-includes\functions.php on line 5059
[21-Jan-2021 12:28:41 UTC] PHP Deprecated:  Tema sin footer.php ha quedado <strong>obsoleto</strong> desde la versión 3.0.0 y no hay alternativas disponibles. Por favor, incluye una plantilla footer.php en tu tema. in C:\xampp\htdocs\wordpress\wp-includes\functions.php on line 5059
[21-Jan-2021 12:29:02 UTC] PHP Deprecated:  Tema sin header.php ha quedado <strong>obsoleto</strong> desde la versión 3.0.0 y no hay alternativas disponibles. Por favor, incluye una plantilla header.php en tu tema. in C:\xampp\htdocs\wordpress\wp-includes\functions.php on line 5059
[21-Jan-2021 12:29:02 UTC] PHP Deprecated:  Tema sin footer.php ha quedado <strong>obsoleto</strong> desde la versión 3.0.0 y no hay alternativas disponibles. Por favor, incluye una plantilla footer.php en tu tema. in C:\xampp\htdocs\wordpress\wp-includes\functions.php on line 5059
[21-Jan-2021 12:29:30 UTC] PHP Deprecated:  Tema sin header.php ha quedado <strong>obsoleto</strong> desde la versión 3.0.0 y no hay alternativas disponibles. Por favor, incluye una plantilla header.php en tu tema. in C:\xampp\htdocs\wordpress\wp-includes\functions.php on line 5059
[21-Jan-2021 12:29:30 UTC] PHP Deprecated:  Tema sin footer.php ha quedado <strong>obsoleto</strong> desde la versión 3.0.0 y no hay alternativas disponibles. Por favor, incluye una plantilla footer.php en tu tema. in C:\xampp\htdocs\wordpress\wp-includes\functions.php on line 5059
[22-Jan-2021 12:25:46 UTC] PHP Warning:  mysqli_real_connect(): (HY000/2002): No se puede establecer una conexión ya que el equipo de destino denegó expresamente dicha conexión in C:\xampp\htdocs\wordpress\wp-includes\wp-db.php on line 1653
[22-Jan-2021 12:53:19 UTC] PHP Deprecated:  Tema sin header.php ha quedado <strong>obsoleto</strong> desde la versión 3.0.0 y no hay alternativas disponibles. Por favor, incluye una plantilla header.php en tu tema. in C:\xampp\htdocs\wordpress\wp-includes\functions.php on line 5059
[22-Jan-2021 12:53:19 UTC] PHP Deprecated:  Tema sin footer.php ha quedado <strong>obsoleto</strong> desde la versión 3.0.0 y no hay alternativas disponibles. Por favor, incluye una plantilla footer.php en tu tema. in C:\xampp\htdocs\wordpress\wp-includes\functions.php on line 5059
[22-Jan-2021 12:57:16 UTC] PHP Deprecated:  Tema sin header.php ha quedado <strong>obsoleto</strong> desde la versión 3.0.0 y no hay alternativas disponibles. Por favor, incluye una plantilla header.php en tu tema. in C:\xampp\htdocs\wordpress\wp-includes\functions.php on line 5059
[22-Jan-2021 12:57:16 UTC] PHP Deprecated:  Tema sin footer.php ha quedado <strong>obsoleto</strong> desde la versión 3.0.0 y no hay alternativas disponibles. Por favor, incluye una plantilla footer.php en tu tema. in C:\xampp\htdocs\wordpress\wp-includes\functions.php on line 5059
[22-Jan-2021 13:00:16 UTC] PHP Deprecated:  Tema sin header.php ha quedado <strong>obsoleto</strong> desde la versión 3.0.0 y no hay alternativas disponibles. Por favor, incluye una plantilla header.php en tu tema. in C:\xampp\htdocs\wordpress\wp-includes\functions.php on line 5059
[22-Jan-2021 13:00:16 UTC] PHP Deprecated:  Tema sin footer.php ha quedado <strong>obsoleto</strong> desde la versión 3.0.0 y no hay alternativas disponibles. Por favor, incluye una plantilla footer.php en tu tema. in C:\xampp\htdocs\wordpress\wp-includes\functions.php on line 5059
[25-Jan-2021 07:35:26 UTC] PHP Deprecated:  Tema sin header.php ha quedado <strong>obsoleto</strong> desde la versión 3.0.0 y no hay alternativas disponibles. Por favor, incluye una plantilla header.php en tu tema. in C:\xampp\htdocs\wordpress\wp-includes\functions.php on line 5059
[25-Jan-2021 07:35:26 UTC] PHP Deprecated:  Tema sin footer.php ha quedado <strong>obsoleto</strong> desde la versión 3.0.0 y no hay alternativas disponibles. Por favor, incluye una plantilla footer.php en tu tema. in C:\xampp\htdocs\wordpress\wp-includes\functions.php on line 5059
[25-Jan-2021 07:35:29 UTC] PHP Deprecated:  Tema sin header.php ha quedado <strong>obsoleto</strong> desde la versión 3.0.0 y no hay alternativas disponibles. Por favor, incluye una plantilla header.php en tu tema. in C:\xampp\htdocs\wordpress\wp-includes\functions.php on line 5059
[25-Jan-2021 07:35:29 UTC] PHP Deprecated:  Tema sin footer.php ha quedado <strong>obsoleto</strong> desde la versión 3.0.0 y no hay alternativas disponibles. Por favor, incluye una plantilla footer.php en tu tema. in C:\xampp\htdocs\wordpress\wp-includes\functions.php on line 5059
[25-Jan-2021 07:35:34 UTC] PHP Deprecated:  Tema sin header.php ha quedado <strong>obsoleto</strong> desde la versión 3.0.0 y no hay alternativas disponibles. Por favor, incluye una plantilla header.php en tu tema. in C:\xampp\htdocs\wordpress\wp-includes\functions.php on line 5059
[25-Jan-2021 07:35:34 UTC] PHP Deprecated:  Tema sin footer.php ha quedado <strong>obsoleto</strong> desde la versión 3.0.0 y no hay alternativas disponibles. Por favor, incluye una plantilla footer.php en tu tema. in C:\xampp\htdocs\wordpress\wp-includes\functions.php on line 5059
[25-Jan-2021 07:35:36 UTC] PHP Deprecated:  Tema sin header.php ha quedado <strong>obsoleto</strong> desde la versión 3.0.0 y no hay alternativas disponibles. Por favor, incluye una plantilla header.php en tu tema. in C:\xampp\htdocs\wordpress\wp-includes\functions.php on line 5059
[25-Jan-2021 07:35:36 UTC] PHP Deprecated:  Tema sin footer.php ha quedado <strong>obsoleto</strong> desde la versión 3.0.0 y no hay alternativas disponibles. Por favor, incluye una plantilla footer.php en tu tema. in C:\xampp\htdocs\wordpress\wp-includes\functions.php on line 5059
[25-Jan-2021 09:44:03 UTC] PHP Deprecated:  Tema sin header.php ha quedado <strong>obsoleto</strong> desde la versión 3.0.0 y no hay alternativas disponibles. Por favor, incluye una plantilla header.php en tu tema. in C:\xampp\htdocs\wordpress\wp-includes\functions.php on line 5059
[25-Jan-2021 09:44:03 UTC] PHP Deprecated:  Tema sin footer.php ha quedado <strong>obsoleto</strong> desde la versión 3.0.0 y no hay alternativas disponibles. Por favor, incluye una plantilla footer.php en tu tema. in C:\xampp\htdocs\wordpress\wp-includes\functions.php on line 5059
[25-Jan-2021 09:44:08 UTC] PHP Deprecated:  Tema sin header.php ha quedado <strong>obsoleto</strong> desde la versión 3.0.0 y no hay alternativas disponibles. Por favor, incluye una plantilla header.php en tu tema. in C:\xampp\htdocs\wordpress\wp-includes\functions.php on line 5059
[25-Jan-2021 09:44:08 UTC] PHP Deprecated:  Tema sin footer.php ha quedado <strong>obsoleto</strong> desde la versión 3.0.0 y no hay alternativas disponibles. Por favor, incluye una plantilla footer.php en tu tema. in C:\xampp\htdocs\wordpress\wp-includes\functions.php on line 5059
[28-Jan-2021 09:01:26 UTC] PHP Deprecated:  Tema sin header.php ha quedado <strong>obsoleto</strong> desde la versión 3.0.0 y no hay alternativas disponibles. Por favor, incluye una plantilla header.php en tu tema. in C:\xampp\htdocs\wordpress\wp-includes\functions.php on line 5059
[28-Jan-2021 09:01:26 UTC] PHP Deprecated:  Tema sin footer.php ha quedado <strong>obsoleto</strong> desde la versión 3.0.0 y no hay alternativas disponibles. Por favor, incluye una plantilla footer.php en tu tema. in C:\xampp\htdocs\wordpress\wp-includes\functions.php on line 5059
[29-Jan-2021 12:09:09 UTC] PHP Deprecated:  Tema sin header.php ha quedado <strong>obsoleto</strong> desde la versión 3.0.0 y no hay alternativas disponibles. Por favor, incluye una plantilla header.php en tu tema. in C:\xampp\htdocs\wordpress\wp-includes\functions.php on line 5059
[29-Jan-2021 12:09:09 UTC] PHP Deprecated:  Tema sin header.php ha quedado <strong>obsoleto</strong> desde la versión 3.0.0 y no hay alternativas disponibles. Por favor, incluye una plantilla header.php en tu tema. in C:\xampp\htdocs\wordpress\wp-includes\functions.php on line 5059
[29-Jan-2021 12:09:09 UTC] PHP Deprecated:  Tema sin footer.php ha quedado <strong>obsoleto</strong> desde la versión 3.0.0 y no hay alternativas disponibles. Por favor, incluye una plantilla footer.php en tu tema. in C:\xampp\htdocs\wordpress\wp-includes\functions.php on line 5059
[29-Jan-2021 12:09:09 UTC] PHP Deprecated:  Tema sin footer.php ha quedado <strong>obsoleto</strong> desde la versión 3.0.0 y no hay alternativas disponibles. Por favor, incluye una plantilla footer.php en tu tema. in C:\xampp\htdocs\wordpress\wp-includes\functions.php on line 5059
[29-Jan-2021 12:09:22 UTC] PHP Deprecated:  Tema sin header.php ha quedado <strong>obsoleto</strong> desde la versión 3.0.0 y no hay alternativas disponibles. Por favor, incluye una plantilla header.php en tu tema. in C:\xampp\htdocs\wordpress\wp-includes\functions.php on line 5059
[29-Jan-2021 12:09:22 UTC] PHP Deprecated:  Tema sin footer.php ha quedado <strong>obsoleto</strong> desde la versión 3.0.0 y no hay alternativas disponibles. Por favor, incluye una plantilla footer.php en tu tema. in C:\xampp\htdocs\wordpress\wp-includes\functions.php on line 5059
[29-Jan-2021 12:10:34 UTC] PHP Deprecated:  Tema sin header.php ha quedado <strong>obsoleto</strong> desde la versión 3.0.0 y no hay alternativas disponibles. Por favor, incluye una plantilla header.php en tu tema. in C:\xampp\htdocs\wordpress\wp-includes\functions.php on line 5059
[29-Jan-2021 12:10:34 UTC] PHP Deprecated:  Tema sin footer.php ha quedado <strong>obsoleto</strong> desde la versión 3.0.0 y no hay alternativas disponibles. Por favor, incluye una plantilla footer.php en tu tema. in C:\xampp\htdocs\wordpress\wp-includes\functions.php on line 5059
[29-Jan-2021 12:20:02 UTC] PHP Deprecated:  Function libxml_disable_entity_loader() is deprecated in C:\xampp\htdocs\wordpress\wp-content\plugins\wordpress-importer\parsers\class-wxr-parser-simplexml.php on line 21
[29-Jan-2021 12:20:02 UTC] PHP Deprecated:  Function libxml_disable_entity_loader() is deprecated in C:\xampp\htdocs\wordpress\wp-content\plugins\wordpress-importer\parsers\class-wxr-parser-simplexml.php on line 25
[29-Jan-2021 12:22:40 UTC] PHP Deprecated:  Function libxml_disable_entity_loader() is deprecated in C:\xampp\htdocs\wordpress\wp-content\plugins\wordpress-importer\parsers\class-wxr-parser-simplexml.php on line 21
[29-Jan-2021 12:22:40 UTC] PHP Deprecated:  Function libxml_disable_entity_loader() is deprecated in C:\xampp\htdocs\wordpress\wp-content\plugins\wordpress-importer\parsers\class-wxr-parser-simplexml.php on line 25
[29-Jan-2021 12:25:14 UTC] PHP Deprecated:  Function libxml_disable_entity_loader() is deprecated in C:\xampp\htdocs\wordpress\wp-content\plugins\wordpress-importer\parsers\class-wxr-parser-simplexml.php on line 21
[29-Jan-2021 12:25:14 UTC] PHP Deprecated:  Function libxml_disable_entity_loader() is deprecated in C:\xampp\htdocs\wordpress\wp-content\plugins\wordpress-importer\parsers\class-wxr-parser-simplexml.php on line 25
[29-Jan-2021 12:41:43 UTC] PHP Deprecated:  Tema sin header.php ha quedado <strong>obsoleto</strong> desde la versión 3.0.0 y no hay alternativas disponibles. Por favor, incluye una plantilla header.php en tu tema. in C:\xampp\htdocs\wordpress\wp-includes\functions.php on line 5059
[29-Jan-2021 12:41:43 UTC] PHP Deprecated:  Tema sin footer.php ha quedado <strong>obsoleto</strong> desde la versión 3.0.0 y no hay alternativas disponibles. Por favor, incluye una plantilla footer.php en tu tema. in C:\xampp\htdocs\wordpress\wp-includes\functions.php on line 5059
[29-Jan-2021 12:45:42 UTC] PHP Deprecated:  Tema sin header.php ha quedado <strong>obsoleto</strong> desde la versión 3.0.0 y no hay alternativas disponibles. Por favor, incluye una plantilla header.php en tu tema. in C:\xampp\htdocs\wordpress\wp-includes\functions.php on line 5059
[29-Jan-2021 12:45:42 UTC] PHP Deprecated:  Tema sin footer.php ha quedado <strong>obsoleto</strong> desde la versión 3.0.0 y no hay alternativas disponibles. Por favor, incluye una plantilla footer.php en tu tema. in C:\xampp\htdocs\wordpress\wp-includes\functions.php on line 5059
[29-Jan-2021 12:45:57 UTC] PHP Deprecated:  Tema sin header.php ha quedado <strong>obsoleto</strong> desde la versión 3.0.0 y no hay alternativas disponibles. Por favor, incluye una plantilla header.php en tu tema. in C:\xampp\htdocs\wordpress\wp-includes\functions.php on line 5059
[29-Jan-2021 12:45:57 UTC] PHP Deprecated:  Tema sin footer.php ha quedado <strong>obsoleto</strong> desde la versión 3.0.0 y no hay alternativas disponibles. Por favor, incluye una plantilla footer.php en tu tema. in C:\xampp\htdocs\wordpress\wp-includes\functions.php on line 5059
[01-Feb-2021 08:23:29 UTC] PHP Warning:  Constant WP_DEBUG already defined in C:\xampp\htdocs\wordpress\wp-content\themes\mitema\functions.php on line 3
[01-Feb-2021 08:23:31 UTC] PHP Warning:  Constant WP_DEBUG already defined in C:\xampp\htdocs\wordpress\wp-content\themes\mitema\functions.php on line 3
[01-Feb-2021 08:23:34 UTC] PHP Parse error:  syntax error, unexpected token "<", expecting end of file in C:\xampp\htdocs\wordpress\wp-content\themes\mitema\header.php on line 11
[01-Feb-2021 08:23:38 UTC] PHP Warning:  Constant WP_DEBUG already defined in C:\xampp\htdocs\wordpress\wp-content\themes\mitema\functions.php on line 3
[01-Feb-2021 08:23:39 UTC] PHP Parse error:  syntax error, unexpected token "<", expecting end of file in C:\xampp\htdocs\wordpress\wp-content\themes\mitema\header.php on line 11
[01-Feb-2021 08:23:55 UTC] PHP Warning:  Constant WP_DEBUG already defined in C:\xampp\htdocs\wordpress\wp-content\themes\mitema\functions.php on line 3
[01-Feb-2021 08:23:56 UTC] PHP Parse error:  syntax error, unexpected token "<", expecting end of file in C:\xampp\htdocs\wordpress\wp-content\themes\mitema\header.php on line 11
[01-Feb-2021 08:24:46 UTC] PHP Warning:  Constant WP_DEBUG already defined in C:\xampp\htdocs\wordpress\wp-content\themes\mitema\functions.php on line 3
[01-Feb-2021 08:24:46 UTC] PHP Parse error:  syntax error, unexpected token "<", expecting end of file in C:\xampp\htdocs\wordpress\wp-content\themes\mitema\header.php on line 11
[01-Feb-2021 08:36:54 UTC] PHP Warning:  Constant WP_DEBUG already defined in C:\xampp\htdocs\wordpress\wp-content\themes\mitema\functions.php on line 3
[01-Feb-2021 08:36:58 UTC] PHP Warning:  Constant WP_DEBUG already defined in C:\xampp\htdocs\wordpress\wp-content\themes\mitema\functions.php on line 3
[01-Feb-2021 08:36:58 UTC] PHP Warning:  Constant WP_DEBUG already defined in C:\xampp\htdocs\wordpress\wp-content\themes\mitema\functions.php on line 3
[01-Feb-2021 08:36:58 UTC] PHP Warning:  Constant WP_DEBUG already defined in C:\xampp\htdocs\wordpress\wp-content\themes\mitema\functions.php on line 3
[01-Feb-2021 08:36:58 UTC] PHP Warning:  Constant WP_DEBUG already defined in C:\xampp\htdocs\wordpress\wp-content\themes\mitema\functions.php on line 3
[01-Feb-2021 08:37:59 UTC] PHP Warning:  Constant WP_DEBUG already defined in C:\xampp\htdocs\wordpress\wp-content\themes\mitema\functions.php on line 3
[01-Feb-2021 08:40:00 UTC] PHP Warning:  Constant WP_DEBUG already defined in C:\xampp\htdocs\wordpress\wp-content\themes\mitema\functions.php on line 3
[01-Feb-2021 08:42:01 UTC] PHP Warning:  Constant WP_DEBUG already defined in C:\xampp\htdocs\wordpress\wp-content\themes\mitema\functions.php on line 3
[01-Feb-2021 08:43:01 UTC] PHP Warning:  Constant WP_DEBUG already defined in C:\xampp\htdocs\wordpress\wp-content\themes\mitema\functions.php on line 3
[01-Feb-2021 08:44:01 UTC] PHP Warning:  Constant WP_DEBUG already defined in C:\xampp\htdocs\wordpress\wp-content\themes\mitema\functions.php on line 3
[01-Feb-2021 08:45:01 UTC] PHP Warning:  Constant WP_DEBUG already defined in C:\xampp\htdocs\wordpress\wp-content\themes\mitema\functions.php on line 3
[01-Feb-2021 08:46:01 UTC] PHP Warning:  Constant WP_DEBUG already defined in C:\xampp\htdocs\wordpress\wp-content\themes\mitema\functions.php on line 3
[01-Feb-2021 08:47:01 UTC] PHP Warning:  Constant WP_DEBUG already defined in C:\xampp\htdocs\wordpress\wp-content\themes\mitema\functions.php on line 3
[01-Feb-2021 08:48:01 UTC] PHP Warning:  Constant WP_DEBUG already defined in C:\xampp\htdocs\wordpress\wp-content\themes\mitema\functions.php on line 3
[01-Feb-2021 08:49:01 UTC] PHP Warning:  Constant WP_DEBUG already defined in C:\xampp\htdocs\wordpress\wp-content\themes\mitema\functions.php on line 3
[01-Feb-2021 08:51:01 UTC] PHP Warning:  Constant WP_DEBUG already defined in C:\xampp\htdocs\wordpress\wp-content\themes\mitema\functions.php on line 3
[01-Feb-2021 08:51:01 UTC] PHP Warning:  Constant WP_DEBUG already defined in C:\xampp\htdocs\wordpress\wp-content\themes\mitema\functions.php on line 3
[01-Feb-2021 08:52:01 UTC] PHP Warning:  Constant WP_DEBUG already defined in C:\xampp\htdocs\wordpress\wp-content\themes\mitema\functions.php on line 3
[01-Feb-2021 08:53:01 UTC] PHP Warning:  Constant WP_DEBUG already defined in C:\xampp\htdocs\wordpress\wp-content\themes\mitema\functions.php on line 3
[01-Feb-2021 08:54:18 UTC] PHP Warning:  Constant WP_DEBUG already defined in C:\xampp\htdocs\wordpress\wp-content\themes\mitema\functions.php on line 3
[01-Feb-2021 08:55:04 UTC] PHP Warning:  Constant WP_DEBUG already defined in C:\xampp\htdocs\wordpress\wp-content\themes\mitema\functions.php on line 3
[01-Feb-2021 08:56:14 UTC] PHP Warning:  Constant WP_DEBUG already defined in C:\xampp\htdocs\wordpress\wp-content\themes\mitema\functions.php on line 3
[01-Feb-2021 08:57:21 UTC] PHP Warning:  Constant WP_DEBUG already defined in C:\xampp\htdocs\wordpress\wp-content\themes\mitema\functions.php on line 3
[01-Feb-2021 08:58:13 UTC] PHP Warning:  Constant WP_DEBUG already defined in C:\xampp\htdocs\wordpress\wp-content\themes\mitema\functions.php on line 3
[01-Feb-2021 08:59:01 UTC] PHP Warning:  Constant WP_DEBUG already defined in C:\xampp\htdocs\wordpress\wp-content\themes\mitema\functions.php on line 3
[01-Feb-2021 09:00:01 UTC] PHP Warning:  Constant WP_DEBUG already defined in C:\xampp\htdocs\wordpress\wp-content\themes\mitema\functions.php on line 3
[01-Feb-2021 09:01:01 UTC] PHP Warning:  Constant WP_DEBUG already defined in C:\xampp\htdocs\wordpress\wp-content\themes\mitema\functions.php on line 3
[01-Feb-2021 09:02:01 UTC] PHP Warning:  Constant WP_DEBUG already defined in C:\xampp\htdocs\wordpress\wp-content\themes\mitema\functions.php on line 3
[01-Feb-2021 09:03:01 UTC] PHP Warning:  Constant WP_DEBUG already defined in C:\xampp\htdocs\wordpress\wp-content\themes\mitema\functions.php on line 3
[01-Feb-2021 09:04:01 UTC] PHP Warning:  Constant WP_DEBUG already defined in C:\xampp\htdocs\wordpress\wp-content\themes\mitema\functions.php on line 3
[01-Feb-2021 09:05:01 UTC] PHP Warning:  Constant WP_DEBUG already defined in C:\xampp\htdocs\wordpress\wp-content\themes\mitema\functions.php on line 3
[01-Feb-2021 09:05:17 UTC] PHP Warning:  Constant WP_DEBUG already defined in C:\xampp\htdocs\wordpress\wp-content\themes\mitema\functions.php on line 3
[01-Feb-2021 09:05:18 UTC] PHP Warning:  Constant WP_DEBUG already defined in C:\xampp\htdocs\wordpress\wp-content\themes\mitema\functions.php on line 3
[01-Feb-2021 09:05:18 UTC] PHP Parse error:  syntax error, unexpected token "<", expecting end of file in C:\xampp\htdocs\wordpress\wp-content\themes\mitema\header.php on line 11
[01-Feb-2021 09:05:21 UTC] PHP Warning:  Constant WP_DEBUG already defined in C:\xampp\htdocs\wordpress\wp-content\themes\mitema\functions.php on line 3
[01-Feb-2021 09:05:21 UTC] PHP Warning:  Constant WP_DEBUG already defined in C:\xampp\htdocs\wordpress\wp-content\themes\mitema\functions.php on line 3
[01-Feb-2021 09:05:21 UTC] PHP Warning:  Constant WP_DEBUG already defined in C:\xampp\htdocs\wordpress\wp-content\themes\mitema\functions.php on line 3
[01-Feb-2021 09:05:21 UTC] PHP Warning:  Constant WP_DEBUG already defined in C:\xampp\htdocs\wordpress\wp-content\themes\mitema\functions.php on line 3
[01-Feb-2021 09:05:22 UTC] PHP Warning:  Constant WP_DEBUG already defined in C:\xampp\htdocs\wordpress\wp-content\themes\mitema\functions.php on line 3
[01-Feb-2021 09:05:22 UTC] PHP Parse error:  syntax error, unexpected token "<", expecting end of file in C:\xampp\htdocs\wordpress\wp-content\themes\mitema\header.php on line 11
